my_eigen_matmult 2000 1.18 0.03 1.80
my_eigen_matmult 2000 1.16 0.01 1.17
my_eigen_matmult 2000 1.16 0.00 1.17
my_eigen_matmult 2000 1.16 0.01 1.18
my_eigen_matmult 2000 1.17 0.00 1.18
my_eigen_matmult 2000 1.17 0.00 1.18
my_eigen_matmult 2000 1.17 0.00 1.17
my_eigen_matmult 2000 1.17 0.00 1.18
my_eigen_matmult 2000 1.17 0.00 1.18
my_eigen_matmult 2000 1.16 0.00 1.17
my_eigen_matmult 4000 6.54 0.01 6.56
my_eigen_matmult 4000 0.11 0.00 0.12
my_eigen_matmult 4000 4.47 0.02 4.50
my_eigen_matmult 4000 0.45 0.02 0.48
my_eigen_matmult 4000 0.01 0.00 0.01
my_eigen_matmult 4000 0.02 0.00 0.03
my_eigen_matmult 4000 my_eigen_matmult 2000 1.17 0.01 1.18
my_eigen_matmult 2000 1.17 0.01 1.18
my_eigen_matmult 2000 1.16 0.01 1.17
my_eigen_matmult 2000 1.17 0.00 1.18
my_eigen_matmult 2000 1.16 0.00 1.17
my_eigen_matmult 2000 1.16 0.01 1.17
my_eigen_matmult 2000 1.16 0.00 1.17
my_eigen_matmult 2000 1.16 0.00 1.17
my_eigen_matmult 2000 1.17 0.00 1.18
my_eigen_matmult 2000 1.16 0.00 1.17
my_eigen_matmult 2200 1.55 0.00 1.56
my_eigen_matmult 2200 1.54 0.01 1.55
my_eigen_matmult 2200 1.54 0.00 1.55
my_eigen_matmult 2200 1.63 0.01 1.64
my_eigen_matmult 2200 1.54 0.00 1.55
my_eigen_matmult 2200 1.55 0.01 1.56
my_eigen_matmult 2200 1.57 0.01 1.58
my_eigen_matmult 2200 1.55 0.00 1.56
my_eigen_matmult 2200 1.53 0.01 1.55
my_eigen_matmult 2200 1.53 0.01 1.55
my_eigen_matmult 2400 1.98 0.01 2.00
my_eigen_matmult 2400 1.99 0.01 2.00
my_eigen_matmult 2400 2.01 0.01 2.03
my_eigen_matmult 2400 1.99 0.00 2.00
my_eigen_matmult 2400 1.98 0.01 2.00
my_eigen_matmult 2400 1.99 0.01 2.00
my_eigen_matmult 2400 2.01 0.01 2.03
my_eigen_matmult 2400 2.00 0.01 2.02
my_eigen_matmult 2400 1.99 0.01 2.01
my_eigen_matmult 2400 1.99 0.01 2.00
my_eigen_matmult 2800 3.16 0.00 3.17
my_eigen_matmult 2800 3.14 0.01 3.15
my_eigen_matmult 2800 3.14 0.01 3.16
my_eigen_matmult 2800 3.13 0.01 3.15
my_eigen_matmult 2800 3.14 0.01 3.15
my_eigen_matmult 2800 3.13 0.01 3.15
my_eigen_matmult 2800 3.13 0.01 3.15
my_eigen_matmult 2800 3.15 0.02 3.17
my_eigen_matmult 2800 3.15 0.01 3.17
my_eigen_matmult 2800 3.15 0.02 3.17
my_eigen_matmult 3000 3.87 0.01 3.89
my_eigen_matmult 3000 3.85 0.01 3.87
my_eigen_matmult 3000 3.85 0.02 3.87
my_eigen_matmult 3000 3.87 0.01 3.90
my_eigen_matmult 3000 3.86 0.01 3.88
my_eigen_matmult 3000 3.86 0.01 3.88
my_eigen_matmult 3000 3.85 0.01 3.87
my_eigen_matmult 3000 3.86 0.01 3.88
my_eigen_matmult 3000 3.86 0.01 3.87
my_eigen_matmult 3000 3.85 0.01 3.87
my_eigen_matmult_no_vect 2000 1.20 0.00 1.24
my_eigen_matmult_no_vect 2000 1.19 0.00 1.20
my_eigen_matmult_no_vect 2000 1.18 0.00 1.19
my_eigen_matmult_no_vect 2000 1.16 0.01 1.18
my_eigen_matmult_no_vect 2000 1.18 0.00 1.19
my_eigen_matmult_no_vect 2000 1.18 0.01 1.20
my_eigen_matmult_no_vect 2000 1.19 0.00 1.20
my_eigen_matmult_no_vect 2000 1.18 0.00 1.18
my_eigen_matmult_no_vect 2000 1.18 0.01 1.20
my_eigen_matmult_no_vect 2000 1.18 0.01 1.19
my_eigen_matmult_no_vect 2200 1.55 0.01 1.56
my_eigen_matmult_no_vect 2200 1.56 0.01 1.57
my_eigen_matmult_no_vect 2200 1.55 0.01 1.56
my_eigen_matmult_no_vect 2200 1.59 0.00 1.60
my_eigen_matmult_no_vect 2200 1.56 0.01 1.58
my_eigen_matmult_no_vect 2200 1.54 0.01 1.55
my_eigen_matmult_no_vect 2200 1.55 0.01 1.56
my_eigen_matmult_no_vect 2200 1.56 0.01 1.58
my_eigen_matmult_no_vect 2200 1.55 0.00 1.56
my_eigen_matmult_no_vect 2200 1.56 0.01 1.57
my_eigen_matmult_no_vect 2400 1.99 0.00 2.00
my_eigen_matmult_no_vect 2400 2.05 0.01 2.07
my_eigen_matmult_no_vect 2400 2.00 0.01 2.01
my_eigen_matmult_no_vect 2400 2.01 0.00 2.02
my_eigen_matmult_no_vect 2400 1.98 0.01 2.00
my_eigen_matmult_no_vect 2400 2.01 0.00 2.02
my_eigen_matmult_no_vect 2400 1.99 0.00 2.00
my_eigen_matmult_no_vect 2400 1.99 0.01 2.00
my_eigen_matmult_no_vect 2400 1.98 0.01 2.00
my_eigen_matmult_no_vect 2400 2.01 0.00 2.02
my_eigen_matmult_no_vect 2800 3.13 0.01 3.15
my_eigen_matmult_no_vect 2800 3.16 0.01 3.18
my_eigen_matmult_no_vect 2800 3.13 0.01 3.15
my_eigen_matmult_no_vect 2800 3.15 0.02 3.17
my_eigen_matmult_no_vect 2800 3.16 0.01 3.17
my_eigen_matmult_no_vect 2800 3.13 0.01 3.15
my_eigen_matmult_no_vect 2800 3.15 0.01 3.17
my_eigen_matmult_no_vect 2800 3.15 0.01 3.17
my_eigen_matmult_no_vect 2800 3.15 0.01 3.17
my_eigen_matmult_no_vect 2800 3.16 0.01 3.17
my_eigen_matmult_no_vect 3000 3.87 0.01 3.89
my_eigen_matmult_no_vect 3000 3.88 0.01 3.90
my_eigen_matmult_no_vect 3000 3.87 0.01 3.88
my_eigen_matmult_no_vect 3000 3.87 0.01 3.89
my_eigen_matmult_no_vect 3000 3.85 0.01 3.87
my_eigen_matmult_no_vect 3000 3.85 0.01 3.87
my_eigen_matmult_no_vect 3000 3.88 0.01 3.89
my_eigen_matmult_no_vect 3000 3.87 0.01 3.89
my_eigen_matmult_no_vect 3000 3.86 0.01 3.88
my_eigen_matmult_no_vect 3000 3.85 0.01 3.87
