sequential with CLOCK:
strace: Process 12288 detached
% time     seconds  usecs/call     calls    errors syscall
------ ----------- ----------- --------- --------- ----------------
 47.76    0.000937           0      2545           brk
 19.37    0.000380          19        20        15 open
 10.04    0.000197          12        16           mmap
  8.41    0.000165          15        11         9 stat
  4.89    0.000096          10        10           mprotect
  2.29    0.000045           9         5           fstat
  2.19    0.000043          11         4           read
  2.09    0.000041          41         1           execve
  1.73    0.000034           7         5           close
  0.76    0.000015          15         1         1 access
  0.36    0.000007           7         1           arch_prctl
  0.10    0.000002           1         3           times
  0.00    0.000000           0         1           munmap
------ ----------- ----------- --------- --------- ----------------
100.00    0.001962                  2623        25 total
-----------------------
sequential with gettimeofday:
strace: Process 12324 detached
% time     seconds  usecs/call     calls    errors syscall
------ ----------- ----------- --------- --------- ----------------
100.00    0.000824           0      2157           brk
  0.00    0.000000           0         4           read
  0.00    0.000000           0        20        15 open
  0.00    0.000000           0         5           close
  0.00    0.000000           0        11         9 stat
  0.00    0.000000           0         5           fstat
  0.00    0.000000           0        16           mmap
  0.00    0.000000           0        10           mprotect
  0.00    0.000000           0         1           munmap
  0.00    0.000000           0         1         1 access
  0.00    0.000000           0         1           execve
  0.00    0.000000           0         1           arch_prctl
------ ----------- ----------- --------- --------- ----------------
100.00    0.000824                  2232        25 total
-----------------------
sequential with CLOCK:
0.36000 218.56000 % time     seconds  usecs/call     calls    errors syscall
------ ----------- ----------- --------- --------- ----------------
 93.47    0.010952           3      3437           brk
  2.00    0.000234          12        20        15 open
  1.79    0.000210          12        17           mmap
  0.85    0.000100          10        10           mprotect
  0.80    0.000094           9        11         9 stat
  0.24    0.000028           7         4           read
  0.24    0.000028           5         6           fstat
  0.16    0.000019           4         5           close
  0.13    0.000015          15         1           write
  0.13    0.000015          15         1           munmap
  0.10    0.000012          12         1         1 access
  0.05    0.000006           2         4           times
  0.03    0.000004           4         1           arch_prctl
  0.00    0.000000           0         1           execve
------ ----------- ----------- --------- --------- ----------------
100.00    0.011717                  3519        25 total
-----------------------
sequential with gettimeofday:
0.43133 123.92006 % time     seconds  usecs/call     calls    errors syscall
------ ----------- ----------- --------- --------- ----------------
 98.23    0.005665           2      3437           brk
  1.04    0.000060           6        10           mprotect
  0.31    0.000018          18         1           munmap
  0.28    0.000016          16         1           write
  0.14    0.000008           0        17           mmap
  0.00    0.000000           0         4           read
  0.00    0.000000           0        20        15 open
  0.00    0.000000           0         5           close
  0.00    0.000000           0        11         9 stat
  0.00    0.000000           0         6           fstat
  0.00    0.000000           0         1         1 access
  0.00    0.000000           0         1           execve
  0.00    0.000000           0         1           arch_prctl
------ ----------- ----------- --------- --------- ----------------
100.00    0.005767                  3515        25 total
-----------------------
my_eigen_matmult with CLOCK:
0.13000 3.98000 % time     seconds  usecs/call     calls    errors syscall
------ ----------- ----------- --------- --------- ----------------
 82.28    0.000390          56         7           munmap
  7.17    0.000034           3        10           mprotect
  4.01    0.000019           1        23           mmap
  2.53    0.000012           4         3           brk
  2.32    0.000011          11         1           write
  1.69    0.000008           2         4           times
  0.00    0.000000           0         4           read
  0.00    0.000000           0        20        15 open
  0.00    0.000000           0         5           close
  0.00    0.000000           0        11         9 stat
  0.00    0.000000           0         6           fstat
  0.00    0.000000           0         1         1 access
  0.00    0.000000           0         1           execve
  0.00    0.000000           0         1           arch_prctl
------ ----------- ----------- --------- --------- ----------------
100.00    0.000474                    97        25 total
-----------------------
my_eigen_matmult with gettimeofday:
0.00000 0.00000 % time     seconds  usecs/call     calls    errors syscall
------ ----------- ----------- --------- --------- ----------------
 42.68    0.000598          85         7           munmap
 20.84    0.000292          15        20        15 open
 10.85    0.000152           7        23           mmap
  8.42    0.000118          11        11         9 stat
  5.07    0.000071           7        10           mprotect
  3.28    0.000046          46         1           execve
  2.36    0.000033           8         4           read
  2.28    0.000032           5         6           fstat
  1.78    0.000025           5         5           close
  0.86    0.000012          12         1         1 access
  0.79    0.000011          11         1           write
  0.43    0.000006           2         3           brk
  0.36    0.000005           5         1           arch_prctl
------ ----------- ----------- --------- --------- ----------------
100.00    0.001401                    93        25 total
-----------------------
